\BOOKMARK [1][-]{section.1}{\376\377\000R\000\351\000a\000l\000i\000s\000a\000t\000i\000o\000n\000\040\000d\000u\000\040\000D\000M\000\040\000e\000t\000\040\000d\000i\000f\000f\000i\000c\000u\000l\000t\000\351\000s\000\040\000r\000e\000n\000c\000o\000n\000t\000r\000\351\000e\000s}{}% 1
\BOOKMARK [2][-]{subsection.1.1}{\376\377\000\040\000R\000\351\000a\000l\000i\000s\000a\000t\000i\000o\000n\000\040\000e\000t\000\040\000o\000r\000g\000a\000n\000i\000s\000a\000t\000i\000o\000n\000\040\000d\000u\000\040\000t\000r\000a\000v\000a\000i\000l}{section.1}% 2
\BOOKMARK [2][-]{subsection.1.2}{\376\377\000D\000i\000f\000f\000i\000c\000u\000l\000t\000\351\000s\000\040\000r\000e\000n\000c\000o\000n\000t\000r\000\351\000e\000s}{section.1}% 3
\BOOKMARK [1][-]{section.2}{\376\377\000P\000r\000o\000t\000o\000c\000o\000l\000e\000\040\000e\000x\000p\000\351\000r\000i\000m\000e\000n\000t\000a\000l}{}% 4
\BOOKMARK [2][-]{subsection.2.1}{\376\377\000E\000n\000v\000i\000r\000o\000n\000n\000e\000m\000e\000n\000t\000\040\000d\000'\000e\000x\000\351\000c\000u\000t\000i\000o\000n}{section.2}% 5
\BOOKMARK [2][-]{subsection.2.2}{\376\377\000T\000y\000p\000e\000s\000\040\000d\000'\000a\000r\000b\000r\000e\000s\000\040\000g\000\351\000n\000\351\000r\000\351\000s}{section.2}% 6
\BOOKMARK [2][-]{subsection.2.3}{\376\377\000P\000a\000r\000a\000m\000\350\000t\000r\000e\000s\000\040\000d\000e\000s\000\040\000m\000e\000s\000u\000r\000e\000s}{section.2}% 7
\BOOKMARK [2][-]{subsection.2.4}{\376\377\000F\000o\000r\000m\000a\000t\000\040\000d\000e\000s\000\040\000r\000\351\000s\000u\000l\000t\000a\000t\000s}{section.2}% 8
\BOOKMARK [2][-]{subsection.2.5}{\376\377\000S\000c\000r\000i\000p\000t\000\040\000d\000e\000\040\000c\000o\000m\000p\000i\000l\000a\000t\000i\000o\000n\000\040\000e\000t\000\040\000d\000'\000e\000x\000\351\000c\000u\000t\000i\000o\000n}{section.2}% 9
\BOOKMARK [1][-]{section.3}{\376\377\000A\000n\000a\000l\000y\000s\000e\000\040\000d\000e\000s\000\040\000r\000\351\000s\000u\000l\000t\000a\000t\000s}{}% 10
\BOOKMARK [2][-]{subsection.3.1}{\376\377\000C\000o\000u\000r\000b\000e\000s\000\040\000o\000b\000t\000e\000n\000u\000e\000s}{section.3}% 11
\BOOKMARK [2][-]{subsection.3.2}{\376\377\000A\000n\000a\000l\000y\000s\000e\000\040\000p\000a\000r\000\040\000m\000\351\000t\000h\000o\000d\000e}{section.3}% 12
\BOOKMARK [3][-]{subsubsection.3.2.1}{\376\377\000M\000\351\000t\000h\000o\000d\000e\000\040\000n\000a\000\357\000v\000e\000\040\000\050\000e\000s\000t\000\137\000a\000b\000r\000\137\000n\000a\000i\000f\000\051}{subsection.3.2}% 13
\BOOKMARK [3][-]{subsubsection.3.2.2}{\376\377\000M\000\351\000t\000h\000o\000d\000e\000\040\000o\000p\000t\000i\000m\000i\000s\000\351\000e\000\040\000\050\000e\000s\000t\000\137\000a\000b\000r\000\137\000d\000e\000f\000i\000n\000i\000t\000i\000o\000n\000\051}{subsection.3.2}% 14
\BOOKMARK [3][-]{subsubsection.3.2.3}{\376\377\000M\000\351\000t\000h\000o\000d\000e\000\040\000p\000a\000r\000\040\000p\000a\000r\000c\000o\000u\000r\000s\000\040\000i\000n\000f\000i\000x\000e\000\040\000\050\000e\000s\000t\000\137\000a\000b\000r\000\137\000i\000n\000f\000i\000x\000e\000\051}{subsection.3.2}% 15
\BOOKMARK [2][-]{subsection.3.3}{\376\377\000C\000o\000m\000p\000a\000r\000a\000i\000s\000o\000n\000\040\000d\000e\000s\000\040\000t\000r\000o\000i\000s\000\040\000m\000\351\000t\000h\000o\000d\000e\000s}{section.3}% 16
\BOOKMARK [3][-]{subsubsection.3.3.1}{\376\377\000C\000a\000s\000\040\000d\000e\000s\000\040\000a\000r\000b\000r\000e\000s\000\040\000q\000u\000i\000\040\000s\000o\000n\000t\000\040\000d\000e\000s\000\040\000A\000B\000R}{subsection.3.3}% 17
\BOOKMARK [3][-]{subsubsection.3.3.2}{\376\377\000C\000a\000s\000\040\000d\000e\000s\000\040\000a\000r\000b\000r\000e\000s\000\040\000q\000u\000i\000\040\000n\000e\000\040\000s\000o\000n\000t\000\040\000p\000a\000s\000\040\000d\000e\000s\000\040\000A\000B\000R}{subsection.3.3}% 18
\BOOKMARK [3][-]{subsubsection.3.3.3}{\376\377\000S\000y\000n\000t\000h\000\350\000s\000e}{subsection.3.3}% 19
\BOOKMARK [1][-]{table.caption.6}{\376\377\000C\000o\000n\000c\000l\000u\000s\000i\000o\000n}{}% 20
